# JRE version: OpenJDK Runtime Environment Temurin-19.0.2+7 (19.0.2+7) (build 19.0.2+7)
# Java VM: OpenJDK 64-Bit Server VM Temurin-19.0.2+7 (19.0.2+7, mixed mode, sharing, tiered, compressed oops, compressed class ptrs, g1 gc, windows-amd64)
GC Precious Log:
 CardTable entry size: 512
 Card Set container configuration: InlinePtr #cards 5 size 8 Array Of Cards #cards 12 size 40 Howl #buckets 4 coarsen threshold 1843 Howl Bitmap #cards 512 size 80 coarsen threshold 460 Card regions per heap region 1 cards per card region 2048
 CPUs: 4 total, 4 available
 Memory: 3993M
 Large Page Support: Disabled
 NUMA Support: Disabled
 Compressed Oops: Enabled (32-bit)
 Heap Region Size: 1M
 Heap Min Capacity: 8M
 Heap Initial Capacity: 64M
 Heap Max Capacity: 1G
 Pre-touch: Disabled
 Parallel Workers: 4
 Concurrent Workers: 1
 Concurrent Refinement Workers: 4
 Periodic GC: Disabled
 String Deduplication is enabled
Heap:
 garbage-first heap   total 163840K, used 77672K [0x00000000c0000000, 0x0000000100000000)
  region size 1024K, 0 young (0K), 0 survivors (0K)
 Metaspace       used 21506K, committed 22144K, reserved 1114112K
  class space    used 2270K, committed 2496K, reserved 1048576K
GC Heap History (20 events):
Event: 5.661 GC heap after
{Heap after GC invocations=3 (full 0):
 garbage-first heap   total 65536K, used 13263K [0x00000000c0000000, 0x0000000100000000)
  region size 1024K, 5 young (5120K), 5 survivors (5120K)
 Metaspace       used 17228K, committed 17792K, reserved 1114112K
  class space    used 1751K, committed 1984K, reserved 1048576K
}
Event: 5.734 GC heap before
{Heap before GC invocations=3 (full 0):
 garbage-first heap   total 65536K, used 25551K [0x00000000c0000000, 0x0000000100000000)
  region size 1024K, 7 young (7168K), 5 survivors (5120K)
 Metaspace       used 17267K, committed 17920K, reserved 1114112K
  class space    used 1754K, committed 1984K, reserved 1048576K
}
Event: 5.743 GC heap after
{Heap after GC invocations=4 (full 0):
 garbage-first heap   total 65536K, used 20431K [0x00000000c0000000, 0x0000000100000000)
  region size 1024K, 1 young (1024K), 1 survivors (1024K)
 Metaspace       used 17267K, committed 17920K, reserved 1114112K
  class space    used 1754K, committed 1984K, reserved 1048576K
}
Event: 5.749 GC heap before
{Heap before GC invocations=4 (full 0):
 garbage-first heap   total 65536K, used 31695K [0x00000000c0000000, 0x0000000100000000)
  region size 1024K, 2 young (2048K), 1 survivors (1024K)
 Metaspace       used 17267K, committed 17920K, reserved 1114112K
  class space    used 1754K, committed 1984K, reserved 1048576K
}
Event: 5.750 GC heap after
{Heap after GC invocations=5 (full 0):
 garbage-first heap   total 65536K, used 24984K [0x00000000c0000000, 0x0000000100000000)
  region size 1024K, 1 young (1024K), 1 survivors (1024K)
 Metaspace       used 17267K, committed 17920K, reserved 1114112K
  class space    used 1754K, committed 1984K, reserved 1048576K
}
Event: 5.767 GC heap before
{Heap before GC invocations=5 (full 0):
 garbage-first heap   total 65536K, used 28056K [0x00000000c0000000, 0x0000000100000000)
  region size 1024K, 1 young (1024K), 1 survivors (1024K)
 Metaspace       used 17267K, committed 17920K, reserved 1114112K
  class space    used 1754K, committed 1984K, reserved 1048576K
}
Event: 5.769 GC heap after
{Heap after GC invocations=6 (full 0):
 garbage-first heap   total 65536K, used 27915K [0x00000000c0000000, 0x0000000100000000)
  region size 1024K, 1 young (1024K), 1 survivors (1024K)
 Metaspace       used 17267K, committed 17920K, reserved 1114112K
  class space    used 1754K, committed 1984K, reserved 1048576K
}
Event: 5.789 GC heap before
{Heap before GC invocations=6 (full 0):
 garbage-first heap   total 65536K, used 30987K [0x00000000c0000000, 0x0000000100000000)
  region size 1024K, 2 young (2048K), 1 survivors (1024K)
 Metaspace       used 17267K, committed 17920K, reserved 1114112K
  class space    used 1754K, committed 1984K, reserved 1048576K
}
Event: 5.791 GC heap after
{Heap after GC invocations=7 (full 0):
 garbage-first heap   total 65536K, used 13551K [0x00000000c0000000, 0x0000000100000000)
  region size 1024K, 1 young (1024K), 1 survivors (1024K)
 Metaspace       used 17267K, committed 17920K, reserved 1114112K
  class space    used 1754K, committed 1984K, reserved 1048576K
}
Event: 5.849 GC heap before
{Heap before GC invocations=7 (full 0):
 garbage-first heap   total 65536K, used 30959K [0x00000000c0000000, 0x0000000100000000)
  region size 1024K, 7 young (7168K), 1 survivors (1024K)
 Metaspace       used 17268K, committed 17920K, reserved 1114112K
  class space    used 1754K, committed 1984K, reserved 1048576K
}
Event: 5.855 GC heap after
{Heap after GC invocations=8 (full 0):
 garbage-first heap   total 131072K, used 18983K [0x00000000c0000000, 0x0000000100000000)
  region size 1024K, 5 young (5120K), 5 survivors (5120K)
 Metaspace       used 17268K, committed 17920K, reserved 1114112K
  class space    used 1754K, committed 1984K, reserved 1048576K
}
Event: 7.406 GC heap before
{Heap before GC invocations=8 (full 0):
 garbage-first heap   total 131072K, used 82471K [0x00000000c0000000, 0x0000000100000000)
  region size 1024K, 33 young (33792K), 5 survivors (5120K)
 Metaspace       used 20871K, committed 21504K, reserved 1114112K
  class space    used 2207K, committed 2496K, reserved 1048576K
}
Event: 7.430 GC heap after
{Heap after GC invocations=9 (full 0):
 garbage-first heap   total 131072K, used 36223K [0x00000000c0000000, 0x0000000100000000)
  region size 1024K, 7 young (7168K), 7 survivors (7168K)
 Metaspace       used 20871K, committed 21504K, reserved 1114112K
  class space    used 2207K, committed 2496K, reserved 1048576K
}
Event: 10.459 GC heap before
{Heap before GC invocations=10 (full 0):
 garbage-first heap   total 130048K, used 129407K [0x00000000c0000000, 0x0000000100000000)
  region size 1024K, 38 young (38912K), 7 survivors (7168K)
 Metaspace       used 21506K, committed 22144K, reserved 1114112K
  class space    used 2270K, committed 2496K, reserved 1048576K
}
Event: 10.641 GC heap after
{Heap after GC invocations=11 (full 0):
 garbage-first heap   total 163840K, used 65919K [0x00000000c0000000, 0x0000000100000000)
  region size 1024K, 5 young (5120K), 5 survivors (5120K)
 Metaspace       used 21506K, committed 22144K, reserved 1114112K
  class space    used 2270K, committed 2496K, reserved 1048576K
}
Event: 10.700 GC heap before
{Heap before GC invocations=11 (full 0):
 garbage-first heap   total 163840K, used 81279K [0x00000000c0000000, 0x0000000100000000)
  region size 1024K, 8 young (8192K), 5 survivors (5120K)
 Metaspace       used 21506K, committed 22144K, reserved 1114112K
  class space    used 2270K, committed 2496K, reserved 1048576K
}
Event: 10.713 GC heap after
{Heap after GC invocations=12 (full 0):
 garbage-first heap   total 163840K, used 69632K [0x00000000c0000000, 0x0000000100000000)
  region size 1024K, 1 young (1024K), 1 survivors (1024K)
 Metaspace       used 21506K, committed 22144K, reserved 1114112K
  class space    used 2270K, committed 2496K, reserved 1048576K
}
Event: 10.748 GC heap before
{Heap before GC invocations=12 (full 0):
 garbage-first heap   total 163840K, used 78848K [0x00000000c0000000, 0x0000000100000000)
  region size 1024K, 6 young (6144K), 1 survivors (1024K)
 Metaspace       used 21506K, committed 22144K, reserved 1114112K
  class space    used 2270K, committed 2496K, reserved 1048576K
}
Event: 10.770 GC heap after
{Heap after GC invocations=13 (full 0):
 garbage-first heap   total 163840K, used 74240K [0x00000000c0000000, 0x0000000100000000)
  region size 1024K, 4 young (4096K), 4 survivors (4096K)
 Metaspace       used 21506K, committed 22144K, reserved 1114112K
  class space    used 2270K, committed 2496K, reserved 1048576K
}
Event: 10.778 GC heap before
{Heap before GC invocations=13 (full 0):
 garbage-first heap   total 163840K, used 80384K [0x00000000c0000000, 0x0000000100000000)
  region size 1024K, 4 young (4096K), 4 survivors (4096K)
 Metaspace       used 21506K, committed 22144K, reserved 1114112K
  class space    used 2270K, committed 2496K, reserved 1048576K
}

